This is cutadapt 4.9 with Python 3.12.7
Command line parameters: -j 8 -g ^ATCGTGNNNNNNNNTATAGGG --discard-untrimmed --pair-filter=any -o data/processed/F27_1.fastq.gz -p data/processed/F27_2.fastq.gz data/raw/SRR1582203_1.fastq.gz data/raw/SRR1582203_2.fastq.gz
Processing paired-end reads on 8 cores ...
Finished in 125.929 s (1.854 µs/read; 32.36 M reads/minute).

=== Summary ===

Total read pairs processed:         67,921,806
  Read 1 with adapter:               5,034,139 (7.4%)
Pairs written (passing filters):     5,034,139 (7.4%)

Total basepairs processed: 13,584,361,200 bp
  Read 1: 6,792,180,600 bp
  Read 2: 6,792,180,600 bp
Total written (filtered):    901,155,866 bp (6.6%)
  Read 1:   397,741,966 bp
  Read 2:   503,413,900 bp

=== First read: Adapter 1 ===

Sequence: ATCGTGNNNNNNNNTATAGGG; Type: anchored 5'; Length: 21; Trimmed: 5034139 times

No. of allowed errors: 1

Overview of removed sequences
length	count	expect	max.err	error counts
20	63742	0.0	1	0 63742
21	4951640	0.0	1	3567189 1384451
22	18757	0.0	1	0 18757
