This is cutadapt 4.9 with Python 3.12.7
Command line parameters: -j 8 -g ^CACGATNNNNNNNNTATAGGG --discard-untrimmed --pair-filter=any -o data/processed/F28_1.fastq.gz -p data/processed/F28_2.fastq.gz data/raw/SRR1582203_1.fastq.gz data/raw/SRR1582203_2.fastq.gz
Processing paired-end reads on 8 cores ...
Finished in 128.079 s (1.886 µs/read; 31.82 M reads/minute).

=== Summary ===

Total read pairs processed:         67,921,806
  Read 1 with adapter:              11,203,299 (16.5%)
Pairs written (passing filters):    11,203,299 (16.5%)

Total basepairs processed: 13,584,361,200 bp
  Read 1: 6,792,180,600 bp
  Read 2: 6,792,180,600 bp
Total written (filtered):  2,005,471,417 bp (14.8%)
  Read 1:   885,141,517 bp
  Read 2: 1,120,329,900 bp

=== First read: Adapter 1 ===

Sequence: CACGATNNNNNNNNTATAGGG; Type: anchored 5'; Length: 21; Trimmed: 11203299 times

No. of allowed errors: 1

Overview of removed sequences
length	count	expect	max.err	error counts
20	124781	0.0	1	0 124781
21	11034633	0.0	1	7691578 3343055
22	43885	0.0	1	0 43885
