This is cutadapt 4.9 with Python 3.12.7
Command line parameters: -j 8 -g ^CACTGANNNNNNNNTATAGGG --discard-untrimmed --pair-filter=any -o data/processed/F41_1.fastq.gz -p data/processed/F41_2.fastq.gz data/raw/SRR1582203_1.fastq.gz data/raw/SRR1582203_2.fastq.gz
Processing paired-end reads on 8 cores ...
Finished in 128.546 s (1.893 µs/read; 31.70 M reads/minute).

=== Summary ===

Total read pairs processed:         67,921,806
  Read 1 with adapter:              13,035,956 (19.2%)
Pairs written (passing filters):    13,035,956 (19.2%)

Total basepairs processed: 13,584,361,200 bp
  Read 1: 6,792,180,600 bp
  Read 2: 6,792,180,600 bp
Total written (filtered):  2,333,616,676 bp (17.2%)
  Read 1: 1,030,021,076 bp
  Read 2: 1,303,595,600 bp

=== First read: Adapter 1 ===

Sequence: CACTGANNNNNNNNTATAGGG; Type: anchored 5'; Length: 21; Trimmed: 13035956 times

No. of allowed errors: 1

Overview of removed sequences
length	count	expect	max.err	error counts
20	225978	0.0	1	0 225978
21	12764552	0.0	1	9195334 3569218
22	45426	0.0	1	0 45426
