This is cutadapt 4.9 with Python 3.12.7
Command line parameters: -j 8 -g ^ACAGATNNNNNNNNTATAGGG --discard-untrimmed --pair-filter=any -o data/processed/N2_1.fastq.gz -p data/processed/N2_2.fastq.gz data/raw/SRR1582004_1.fastq.gz data/raw/SRR1582004_2.fastq.gz
Processing paired-end reads on 8 cores ...
Finished in 189.496 s (1.848 µs/read; 32.48 M reads/minute).

=== Summary ===

Total read pairs processed:        102,568,069
  Read 1 with adapter:              15,041,636 (14.7%)
Pairs written (passing filters):    15,041,636 (14.7%)

Total basepairs processed: 20,513,613,800 bp
  Read 1: 10,256,806,900 bp
  Read 2: 10,256,806,900 bp
Total written (filtered):  2,692,616,968 bp (13.1%)
  Read 1: 1,188,453,368 bp
  Read 2: 1,504,163,600 bp

=== First read: Adapter 1 ===

Sequence: ACAGATNNNNNNNNTATAGGG; Type: anchored 5'; Length: 21; Trimmed: 15041636 times

No. of allowed errors: 1

Overview of removed sequences
length	count	expect	max.err	error counts
20	246262	0.0	1	0 246262
21	14713236	0.0	1	14110273 602963
22	82138	0.0	1	0 82138
