This is cutadapt 4.9 with Python 3.12.7
Command line parameters: -j 8 -g ^CACTGANNNNNNNNTATAGGG --discard-untrimmed --pair-filter=any -o data/processed/N31_1.fastq.gz -p data/processed/N31_2.fastq.gz data/raw/SRR1582004_1.fastq.gz data/raw/SRR1582004_2.fastq.gz
Processing paired-end reads on 8 cores ...
Finished in 187.574 s (1.829 µs/read; 32.81 M reads/minute).

=== Summary ===

Total read pairs processed:        102,568,069
  Read 1 with adapter:              11,220,256 (10.9%)
Pairs written (passing filters):    11,220,256 (10.9%)

Total basepairs processed: 20,513,613,800 bp
  Read 1: 10,256,806,900 bp
  Read 2: 10,256,806,900 bp
Total written (filtered):  2,008,667,791 bp (9.8%)
  Read 1:   886,642,191 bp
  Read 2: 1,122,025,600 bp

=== First read: Adapter 1 ===

Sequence: CACTGANNNNNNNNTATAGGG; Type: anchored 5'; Length: 21; Trimmed: 11220256 times

No. of allowed errors: 1

Overview of removed sequences
length	count	expect	max.err	error counts
20	290870	0.0	1	0 290870
21	10880483	0.0	1	10374804 505679
22	48903	0.0	1	0 48903
