This is cutadapt 4.9 with Python 3.12.7
Command line parameters: -j 8 -g ^CTGACGNNNNNNNNTATAGGG --discard-untrimmed --pair-filter=any -o data/processed/N32_1.fastq.gz -p data/processed/N32_2.fastq.gz data/raw/SRR1582004_1.fastq.gz data/raw/SRR1582004_2.fastq.gz
Processing paired-end reads on 8 cores ...
Finished in 187.934 s (1.832 µs/read; 32.75 M reads/minute).

=== Summary ===

Total read pairs processed:        102,568,069
  Read 1 with adapter:              12,468,472 (12.2%)
Pairs written (passing filters):    12,468,472 (12.2%)

Total basepairs processed: 20,513,613,800 bp
  Read 1: 10,256,806,900 bp
  Read 2: 10,256,806,900 bp
Total written (filtered):  2,231,965,360 bp (10.9%)
  Read 1:   985,118,160 bp
  Read 2: 1,246,847,200 bp

=== First read: Adapter 1 ===

Sequence: CTGACGNNNNNNNNTATAGGG; Type: anchored 5'; Length: 21; Trimmed: 12468472 times

No. of allowed errors: 1

Overview of removed sequences
length	count	expect	max.err	error counts
20	178313	0.0	1	0 178313
21	12220718	0.0	1	10988445 1232273
22	69441	0.0	1	0 69441
