This is cutadapt 4.9 with Python 3.12.7
Command line parameters: -j 8 -g ^GAGTGANNNNNNNNTATAGGG --discard-untrimmed --pair-filter=any -o data/processed/N33_1.fastq.gz -p data/processed/N33_2.fastq.gz data/raw/SRR1582004_1.fastq.gz data/raw/SRR1582004_2.fastq.gz
Processing paired-end reads on 8 cores ...
Finished in 188.574 s (1.839 µs/read; 32.63 M reads/minute).

=== Summary ===

Total read pairs processed:        102,568,069
  Read 1 with adapter:              12,076,647 (11.8%)
Pairs written (passing filters):    12,076,647 (11.8%)

Total basepairs processed: 20,513,613,800 bp
  Read 1: 10,256,806,900 bp
  Read 2: 10,256,806,900 bp
Total written (filtered):  2,161,825,992 bp (10.5%)
  Read 1:   954,161,292 bp
  Read 2: 1,207,664,700 bp

=== First read: Adapter 1 ===

Sequence: GAGTGANNNNNNNNTATAGGG; Type: anchored 5'; Length: 21; Trimmed: 12076647 times

No. of allowed errors: 1

Overview of removed sequences
length	count	expect	max.err	error counts
20	162712	0.0	1	0 162712
21	11857402	0.0	1	10950069 907333
22	56533	0.0	1	0 56533
