This is cutadapt 4.9 with Python 3.12.7
Command line parameters: -j 8 -g ^GTATACNNNNNNNNTATAGGG --discard-untrimmed --pair-filter=any -o data/processed/N41_1.fastq.gz -p data/processed/N41_2.fastq.gz data/raw/SRR1582004_1.fastq.gz data/raw/SRR1582004_2.fastq.gz
Processing paired-end reads on 8 cores ...
Finished in 188.931 s (1.842 µs/read; 32.57 M reads/minute).

=== Summary ===

Total read pairs processed:        102,568,069
  Read 1 with adapter:              13,737,880 (13.4%)
Pairs written (passing filters):    13,737,880 (13.4%)

Total basepairs processed: 20,513,613,800 bp
  Read 1: 10,256,806,900 bp
  Read 2: 10,256,806,900 bp
Total written (filtered):  2,459,233,986 bp (12.0%)
  Read 1: 1,085,445,986 bp
  Read 2: 1,373,788,000 bp

=== First read: Adapter 1 ===

Sequence: GTATACNNNNNNNNTATAGGG; Type: anchored 5'; Length: 21; Trimmed: 13737880 times

No. of allowed errors: 1

Overview of removed sequences
length	count	expect	max.err	error counts
20	217639	0.0	1	0 217639
21	13456068	0.0	1	12933858 522210
22	64173	0.0	1	0 64173
